CollectStockMetaData...
read stock_meta...
connect url:http://app.finance.ifeng.com/hq/list.php?type=stock_a&class=ha

connect url:http://app.finance.ifeng.com/hq/list.php?type=stock_a&class=sa

CollectStockData...
000001:9.46
000002:20.68
000004:38.36
000005:6.57
000006:8.98
stock value is not valid:000061,0.00
000008:8.80
000009:9.86
000010:7.07
000011:17.66
000012:12.26
000014:18.57
000016:4.54
000017:12.41
000018:10.27
000019:16.50
000020:21.36
000021:9.71
000022:18.91
000023:30.92
stock value is not valid:000061,1451372704
000025:52.42
000026:15.09
000027:7.11
000028:67.34
stock value is not valid:000061,0.00
000030:8.50
000031:8.59
000032:15.84
stock value is not valid:000061,1432105543
000034:21.80
000035:7.32
000036:8.28
000037:11.32
000038:43.19
000039:17.28
000040:12.40
stock value is not valid:000061,0.00
000043:12.18
000045:15.56
000046:9.32
stock value is not valid:000061,0.00
000049:44.85
stock value is not valid:000061,0.00
000055:14.55
000056:13.39
000058:10.54
000059:14.14
000060:12.16
000061:11.71
CollectStockData...
000062:27.97
000063:15.40
000065:29.73
000066:9.45
000068:7.86
000069:7.25
000070:25.04
000078:6.62
000088:7.45
000089:8.27
000090:9.21
000096:15.48
000099:12.28
000100:3.66
000150:29.21
000151:19.40
stock value is not valid:000429,0.00
stock value is not valid:000429,0
000156:17.62
000157:4.78
000158:11.40
000159:10.84
000166:6.46
000301:5.23
000333:32.03
000338:11.67
000400:18.34
000401:13.69
000402:10.73
000403:31.40
000404:10.00
000407:9.40
000408:15.40
000409:12.22
000410:11.59
000411:24.03
stock value is not valid:000429,0.00
000415:7.26
000416:12.28
000417:9.03
000418:35.19
000419:8.59
000420:4.11
000421:8.95
000422:7.41
000423:55.04
000425:3.85
000426:9.10
000428:7.94
000429:7.34
CollectStockData...
000430:12.26
000488:12.42
000498:8.79
000501:22.12
000502:18.18
000503:43.98
000504:17.98
000505:11.04
000506:9.40
000507:6.75
000509:7.89
000510:11.49
000511:6.18
000513:56.80
000514:14.25
stock value is not valid:000552,0.00
000517:5.38
000518:8.48
000519:15.74
000520:7.86
000521:6.97
000523:12.06
000524:14.90
000525:20.13
000526:38.50
000528:8.68
000529:11.04
000530:10.56
000531:11.43
000532:17.46
000533:10.36
000534:14.68
000536:11.73
000537:9.33
000538:77.05
000539:5.56
000540:6.49
000541:9.79
000543:7.39
000544:19.72
000545:5.80
000546:11.75
000547:15.00
000548:9.36
000550:28.12
000551:10.82
000552:4.13
CollectStockData...
000553:13.75
000554:12.42
000555:20.33
000557:6.20
stock value is not valid:000611,0.00
000559:12.51
stock value is not valid:000611,0.00
000561:15.95
stock value is not valid:000611,1421996696
000563:6.63
000564:8.41
000565:12.24
000566:14.26
000567:34.99
000568:36.35
000570:9.36
000571:7.90
000572:5.74
000573:8.99
000576:14.69
000581:24.30
000582:16.78
stock value is not valid:000611,0.00
000585:9.03
stock value is not valid:000611,0.00
000587:15.58
000589:6.55
000590:18.99
000591:13.27
000592:6.89
000593:10.77
stock value is not valid:000611,1436512042
000595:9.45
000596:47.30
000597:10.78
000598:5.81
000599:8.87
000600:9.31
000601:8.31
000603:16.10
000605:21.85
000606:11.21
000607:10.07
000608:8.44
000609:18.97
000610:14.18
000611:9.08
CollectStockData...
000612:11.70
stock value is not valid:000683,0.00
000615:11.10
000616:5.20
000617:18.31
000619:13.53
000620:7.94
000622:8.26
000623:30.17
000625:15.68
000626:22.98
000627:7.77
000628:13.70
000629:2.44
000630:3.48
000631:5.34
000632:8.60
000633:11.27
stock value is not valid:000683,0.00
000636:10.69
000637:8.83
000638:14.80
000639:21.23
000650:6.88
000651:27.59
000652:5.89
000655:9.96
000656:6.01
000657:14.54
000659:5.90
000661:108.05
000662:19.40
000663:15.77
000665:14.25
000666:24.89
000667:3.76
000668:23.80
000669:17.05
000670:7.14
000671:5.70
000672:12.36
stock value is not valid:000683,0.00
000676:17.31
000677:6.49
000678:13.43
000679:12.99
000680:6.25
000681:17.67
stock value is not valid:000683,0.00
000683:3.28
CollectStockData...
000685:11.12
000686:12.40
000687:15.61
000688:10.27
stock value is not valid:000753,0.00
000691:9.33
000692:6.67
stock value is not valid:000753,0.00
000695:15.31
stock value is not valid:000753,0.00
000698:8.34
000700:8.68
000701:15.02
000702:13.94
000703:15.41
000705:12.63
000707:9.08
000708:13.78
000709:4.01
000710:42.19
stock value is not valid:000753,0.00
000712:21.70
000713:10.94
000715:14.79
stock value is not valid:000753,0.00
000717:5.97
000718:7.30
000719:12.40
000720:6.69
000721:8.90
000722:15.86
000723:12.83
000725:3.27
000726:12.18
000727:3.39
000728:20.05
000729:7.33
000731:9.50
000732:17.29
000733:18.07
stock value is not valid:000753,0.00
000736:19.02
000737:8.40
000738:25.65
000739:8.18
stock value is not valid:000753,0.00
000750:6.71
000751:6.21
000752:16.27
000753:5.71
CollectStockData...
000755:9.14
000756:13.16
000757:10.15
000758:8.89
000759:8.79
000760:10.01
000761:5.98
000762:17.59
000766:18.27
000767:3.95
000768:23.63
000776:17.96
000777:22.13
000778:5.98
000779:19.56
000780:6.12
000782:11.13
000783:10.39
000785:13.54
000786:11.02
000788:13.49
000789:9.21
000790:12.11
000791:15.85
000792:18.75
000793:10.68
000795:7.80
000796:14.80
000797:17.95
000798:12.25
000799:20.70
000800:11.71
000801:12.03
000802:17.98
000803:20.91
000806:12.52
stock value is not valid:000823,0.00
000809:5.19
000810:14.59
000811:15.13
000812:12.71
000813:14.43
000815:18.75
000816:6.59
000818:13.98
000819:27.29
000820:30.95
stock value is not valid:000823,0.00
000822:7.78
000823:13.13
CollectStockData...
000825:5.33
000826:33.85
000828:12.86
stock value is not valid:000905,0.00
000830:5.76
000831:12.56
000833:9.37
000835:11.38
000836:7.62
000837:9.76
000838:8.35
000839:8.43
000848:11.35
000850:6.09
000851:11.83
000852:12.30
000856:13.94
000858:38.46
000859:6.03
000860:21.63
000861:4.73
000862:7.86
000863:8.56
000868:7.11
000869:35.61
000875:6.28
000876:8.19
000877:13.75
000878:16.16
000880:16.00
000881:26.32
000882:4.35
000883:4.91
000885:29.75
000886:5.54
000887:23.88
000888:11.84
000889:17.13
000890:11.34
000892:12.92
000893:13.41
000895:21.50
000897:5.12
000898:6.13
000899:9.07
000900:8.70
000901:36.23
000902:9.85
stock value is not valid:000905,0.00
000905:12.19
CollectStockData...
000906:17.25
000908:9.92
000909:15.77
000910:19.10
000911:15.67
stock value is not valid:000970,0.00
000913:18.11
000915:38.90
stock value is not valid:000970,0.00
000917:13.64
000918:8.04
000919:13.65
000920:15.26
000921:11.77
000922:11.99
000923:21.30
000925:22.98
000926:12.40
000927:6.75
000928:19.98
000929:17.46
000930:13.98
000931:9.54
000932:5.26
000933:7.23
stock value is not valid:000970,0.00
000936:9.85
000937:7.68
000938:55.71
000939:12.50
000948:16.41
000949:6.29
000950:8.79
000951:15.42
000952:20.85
000953:14.22
000955:7.41
000957:14.70
000958:14.53
000959:7.15
000960:14.66
000961:9.58
000962:12.45
000963:76.25
000965:7.02
000966:6.02
000967:14.63
000968:10.84
000969:10.87
000970:13.70
CollectStockData...
000971:24.53
000972:6.84
000973:7.40
000975:17.34
000976:9.50
000977:20.74
000978:11.27
stock value is not valid:002024,0.00
000980:14.40
stock value is not valid:002024,0.00
stock value is not valid:002024,0.00
000983:9.67
000985:33.55
000987:13.90
000988:15.00
000989:20.43
000990:15.56
000993:14.32
000995:15.61
000996:27.32
000997:18.10
000998:19.65
000999:25.66
001696:9.14
001896:10.70
001979:16.91
002001:19.47
002002:7.30
002003:14.10
002004:8.51
002005:5.77
002006:10.29
002007:35.62
002008:23.51
002009:14.26
002010:18.70
002011:9.60
002012:15.28
002013:17.36
002014:16.25
002015:8.61
002016:9.95
002017:13.85
002018:9.11
002019:16.75
002020:11.31
002021:9.23
002022:20.10
002023:13.45
002024:11.14
CollectStockData...
stock value is not valid:002074,0.00
002026:11.13
002027:11.98
002028:13.66
002029:10.16
002030:22.55
002031:3.39
002032:35.03
002033:14.51
002034:50.01
002035:27.60
002036:18.52
002037:17.85
002038:26.43
002039:16.82
002040:19.89
002041:18.48
002042:12.32
002043:11.97
002044:12.90
002045:13.41
002046:15.51
002047:9.22
002048:21.85
002049:30.97
002050:10.82
002051:25.72
002052:9.59
002053:16.72
002054:10.69
002055:21.06
002056:14.00
002057:15.68
002058:25.90
002059:12.54
002060:7.94
stock value is not valid:002074,0.00
002062:6.60
002063:12.46
002064:5.42
002065:20.62
002066:17.73
002067:6.74
002068:10.00
002069:10.92
002070:13.41
002071:12.42
002072:27.15
002073:10.42
002074:30.23
CollectStockData...
stock value is not valid:002124,0.00
002076:13.22
002077:15.73
002078:7.44
002079:8.87
002080:19.74
002081:10.57
stock value is not valid:002124,0.00
002083:7.00
002084:10.39
002085:18.11
002086:10.69
002087:6.91
002088:18.60
002089:15.33
002090:24.18
002091:13.31
002092:13.60
002093:10.12
002094:27.43
002095:40.07
002096:14.50
002097:8.52
002098:17.25
002099:8.11
002100:9.31
002101:24.43
002102:5.17
002103:15.79
002104:10.84
002105:13.16
002106:11.89
002107:15.18
002108:20.76
002109:8.24
002110:13.59
002111:21.84
002112:16.85
stock value is not valid:002124,0.00
002114:21.78
stock value is not valid:002124,0.00
002116:13.30
002117:28.65
002118:7.03
002119:20.55
002120:47.73
002121:8.97
002122:10.73
002123:14.58
002124:11.75
CollectStockData...
002125:12.36
002126:8.95
002127:10.70
002128:9.20
stock value is not valid:002174,0.00
002130:14.18
002131:14.38
stock value is not valid:002174,0.00
002133:7.48
stock value is not valid:002174,0.00
002135:7.40
002136:17.31
002137:12.11
002138:18.44
002139:13.45
002140:14.62
002141:8.71
002142:18.40
002143:33.65
002144:21.45
002145:6.32
002146:8.67
002147:15.75
002148:18.64
002149:29.03
002150:15.98
002151:32.03
002152:12.98
002153:22.33
002154:4.97
002155:11.48
002156:10.30
002157:6.63
002158:10.43
002159:26.44
002160:9.53
002161:10.54
stock value is not valid:002174,0.00
002163:10.62
002164:10.03
002165:7.96
002166:15.09
002167:13.60
stock value is not valid:002174,0.00
002169:19.72
002170:9.15
002171:16.02
002172:10.79
002173:19.54
002174:25.65
CollectStockData...
002175:15.17
002176:10.96
002177:7.46
002178:10.44
002179:38.74
002180:28.12
002181:7.13
002182:18.34
002183:10.82
002184:19.17
002185:11.49
002186:22.44
002187:14.13
002188:27.90
002189:23.09
002190:32.35
002191:10.37
002192:21.03
002193:21.13
002194:12.31
002195:9.85
002196:21.57
002197:15.96
002198:14.97
002199:17.80
002200:25.50
002201:16.91
002202:17.06
002203:8.59
002204:4.82
002205:31.28
002206:18.36
002207:19.05
002208:16.11
002209:18.70
002210:19.10
002211:11.49
002212:17.60
002213:26.66
002214:11.72
002215:11.41
002216:10.01
002217:17.28
002218:9.02
002219:13.02
002220:11.87
002221:13.80
002222:13.11
002223:31.29
002224:14.46
CollectStockData...
002225:6.17
stock value is not valid:002275,0.00
002227:24.69
002228:5.17
002229:22.09
002230:29.95
002231:13.98
002232:12.29
002233:10.93
002234:17.72
002235:14.19
002236:14.08
002237:11.46
002238:14.57
002239:13.68
002240:11.45
002241:29.85
002242:17.61
002243:13.47
002244:7.30
002245:9.80
002246:16.06
002247:16.22
002248:10.73
002249:8.00
002250:15.53
002251:15.35
002252:21.31
002253:28.85
002254:13.05
002255:9.32
002256:6.26
002258:13.50
002259:10.50
stock value is not valid:002275,0.00
002261:11.22
002262:21.93
002263:3.96
002264:11.06
002265:29.81
002266:5.69
002267:9.64
002268:30.81
002269:5.07
002270:14.10
002271:24.20
002272:9.62
002273:20.16
002274:8.61
002275:18.26
CollectStockData...
002276:14.15
002277:15.33
002278:17.47
002279:16.56
002280:11.33
002281:75.80
stock value is not valid:002325,0.00
002283:8.10
002284:13.96
002285:7.20
002286:15.23
002287:52.66
002288:7.72
002289:22.02
002290:22.00
002291:17.91
002292:20.80
002293:13.29
002294:28.48
002295:16.34
002296:14.95
002297:13.67
002298:13.12
stock value is not valid:002325,0.00
002300:15.60
002301:21.04
002302:11.77
002303:9.22
002304:80.16
002305:5.16
002306:6.91
002307:13.12
002308:13.70
002309:13.81
002310:14.91
002311:15.10
002312:7.76
002313:21.15
002314:7.71
002315:59.84
stock value is not valid:002325,0.00
002317:12.30
002318:10.34
002319:20.83
002320:15.45
002321:9.98
002322:21.05
002323:16.35
002324:30.12
002325:7.56
CollectStockData...
002326:15.48
002327:8.92
002328:10.36
002329:12.98
002330:11.79
002331:17.10
002332:12.65
002333:17.35
002334:8.35
stock value is not valid:002375,0.00
002336:12.33
002337:7.35
002338:48.32
002339:19.57
002340:6.89
002341:17.54
002342:7.81
002343:38.00
002344:10.53
002345:10.73
stock value is not valid:002375,0.00
stock value is not valid:002375,0.00
002348:7.35
002349:22.74
002350:20.42
002351:12.40
002352:41.29
002353:21.52
002354:63.64
002355:13.20
002356:25.45
002357:14.08
002358:19.05
002359:25.00
002360:11.84
002361:8.80
002362:21.92
002363:12.43
002364:18.97
002365:22.00
002366:51.02
002367:14.11
002368:31.05
002369:10.22
002370:29.92
002371:27.01
002372:15.90
002373:13.26
002374:7.65
002375:10.78
CollectStockData...
002376:13.15
002377:10.51
002378:10.01
stock value is not valid:002425,0.00
002380:25.73
002381:11.05
002382:12.50
stock value is not valid:002425,0.00
002384:18.86
002385:6.56
002386:8.70
002387:16.85
002388:14.25
002389:20.97
002390:9.72
002391:18.46
002392:5.76
002393:40.07
002394:16.92
002395:26.16
stock value is not valid:002425,0.00
002397:9.22
002398:14.02
002399:19.60
stock value is not valid:002425,0.00
002401:17.57
002402:9.98
002403:14.10
002404:9.03
002405:18.27
002406:10.08
002407:27.32
002408:10.02
002409:22.71
002410:14.22
002411:27.03
002412:17.94
002413:11.99
002414:24.16
002415:27.91
002416:12.92
002417:15.45
002418:10.00
002419:14.34
002420:9.70
002421:6.29
002422:17.19
002423:12.78
002424:18.09
002425:20.18
CollectStockData...
stock value is not valid:002475,0.00
002427:21.83
002428:13.34
002429:9.76
002430:10.73
002431:8.88
002432:15.20
002433:10.35
002434:15.23
002435:19.89
002436:6.81
002437:8.76
002438:20.88
002439:20.55
002440:16.76
002441:13.08
002442:13.60
stock value is not valid:002475,0.00
002444:14.93
002445:14.72
002446:22.59
002447:9.30
002448:10.62
002449:13.78
002450:18.09
002451:18.29
002452:8.53
002453:10.80
002454:13.46
002455:12.38
002456:35.21
002457:11.49
002458:26.53
002459:18.00
002460:26.59
002461:13.30
002462:36.78
002463:4.87
stock value is not valid:002475,0.00
002465:11.79
002466:34.68
002467:10.12
002468:26.87
002469:9.85
002470:7.64
002471:6.02
002472:10.39
002473:24.34
002474:12.69
002475:21.90
CollectStockData...
002476:9.52
002477:4.91
002478:14.07
002479:13.35
002480:10.47
002481:8.67
002482:8.90
002483:14.00
002484:15.97
002485:22.40
002486:8.33
002487:9.59
002488:14.72
002489:7.58
002490:8.16
002491:15.17
stock value is not valid:002526,0.00
002493:16.03
002494:12.65
002495:5.89
002496:4.86
002497:6.58
002498:4.21
002499:25.70
002500:11.55
002501:11.79
002502:11.63
002503:13.84
002504:7.86
002505:3.50
002506:5.10
002507:15.59
002508:41.34
stock value is not valid:002526,0.00
002510:6.43
002511:17.68
002512:15.33
002513:15.17
002514:9.39
002515:16.36
002516:6.33
002517:31.77
002518:19.30
002519:21.33
002520:11.85
002521:11.32
002522:17.74
002523:7.20
002524:10.74
stock value is not valid:002526,0.00
CollectStockData...
002527:13.04
002528:6.92
002529:19.22
002530:33.54
002531:6.76
002532:14.14
002533:9.94
002534:12.80
002535:7.11
002536:13.40
002537:29.93
002538:9.69
002539:11.33
002540:7.90
002541:19.93
002542:7.78
002543:17.04
002544:28.77
002545:11.60
002546:7.91
002547:10.90
002548:14.53
002549:10.30
002550:6.81
002551:18.90
002552:19.12
002553:14.67
002554:8.54
stock value is not valid:002576,0.00
002556:10.43
002557:16.20
002558:63.88
002559:12.88
002560:13.24
002561:18.69
002562:13.21
002563:9.49
002564:11.55
002565:7.98
002566:12.64
002567:12.23
002568:20.25
002569:52.59
002570:13.00
stock value is not valid:002576,0.00
002572:55.37
002573:19.00
002574:11.02
stock value is not valid:002576,0.00
stock value is not valid:002576,0.00
CollectStockData...
002577:29.39
stock value is not valid:002626,0.00
stock value is not valid:002626,0.00
002580:17.45
002581:21.94
002582:31.11
002583:13.13
stock value is not valid:002626,0.00
002585:12.07
002586:9.13
002587:13.36
002588:10.91
002589:33.65
002590:19.38
002591:17.36
002592:29.01
002593:6.91
002594:48.90
002595:24.30
002596:26.49
002597:18.14
002598:12.77
002599:42.22
002600:10.99
002601:13.90
002602:33.74
002603:17.43
002604:10.88
002605:16.39
002606:52.40
002607:10.50
002608:11.04
002609:16.30
002610:3.10
002611:15.69
002612:17.74
002613:7.83
002614:14.57
002615:17.15
002616:22.84
002617:14.58
002618:24.86
002619:17.24
002620:47.34
002621:26.99
002622:13.86
002623:38.93
002624:27.22
002625:36.61
002626:14.56
CollectStockData...
002627:23.35
stock value is not valid:002676,0.00
stock value is not valid:002676,0.00
002630:12.33
002631:18.36
002632:11.30
002633:25.36
002634:9.69
002635:38.50
002636:19.08
002637:14.15
stock value is not valid:002676,0.00
002639:11.47
002640:17.00
002641:7.97
002642:19.59
002643:36.17
002644:10.81
002645:26.86
002646:19.93
002647:54.96
002648:13.00
002649:37.94
002650:6.92
002651:15.44
stock value is not valid:002676,0.00
002653:15.46
002654:11.45
002655:13.16
002656:17.89
002657:38.01
002658:16.56
002659:15.98
002660:13.21
002661:15.49
002662:15.64
002663:5.96
stock value is not valid:002676,0.00
002665:8.80
002666:7.89
002667:31.40
002668:64.00
002669:28.78
stock value is not valid:002676,0.00
002671:12.00
002672:17.84
002673:19.74
002674:17.26
stock value is not valid:002676,0.00
stock value is not valid:002676,0.00
CollectStockData...
002677:12.78
002678:14.48
002679:36.03
002680:15.60
stock value is not valid:002729,0.00
002682:13.74
002683:9.97
002684:31.35
stock value is not valid:002729,0.00
002686:15.04
002687:11.25
002688:10.22
002689:6.85
002690:19.02
002691:26.36
002692:12.45
002693:10.23
002694:37.78
002695:25.72
stock value is not valid:002729,0.00
002697:8.47
002698:15.16
002699:35.80
002700:13.53
002701:8.92
002702:17.92
002703:35.87
002705:17.73
002706:26.30
002707:14.09
002708:12.37
002709:47.78
002711:16.75
002712:25.96
002713:23.60
002714:24.24
002715:32.77
002716:22.16
002717:24.15
002718:66.86
002719:46.95
002721:16.84
002722:41.55
002723:26.65
stock value is not valid:002729,0.00
002725:23.80
002726:18.58
002727:20.20
002728:23.98
002729:87.28
CollectStockData...
002730:17.92
002731:29.17
002732:35.50
002733:19.49
002734:30.96
stock value is not valid:002783,0.00
002736:15.32
002737:32.92
002738:26.39
002739:53.94
stock value is not valid:002783,0.00
002741:18.08
002742:23.44
002743:14.67
stock value is not valid:002783,0.00
002746:43.42
stock value is not valid:002783,0.00
002748:24.22
002749:75.60
002750:15.54
002751:40.88
002752:21.20
002753:31.72
002755:45.57
002756:29.96
002757:37.74
002758:27.25
002759:24.21
002760:37.21
stock value is not valid:002783,0.00
002762:51.66
002763:32.34
002765:28.36
002766:32.98
002767:37.90
002768:24.99
002769:21.40
002770:11.01
stock value is not valid:002783,0.00
002772:19.26
002773:47.39
002775:20.48
002776:26.43
002777:80.10
002778:41.40
002779:32.57
002780:61.23
002781:32.57
002782:25.00
002783:72.00
CollectStockData...
002785:27.27
002786:20.43
002787:35.89
002788:49.91
002789:72.29
002790:41.79
002791:46.30
002792:45.75
002793:61.02
stock value is not valid:002838,0.00
002796:54.26
002797:31.28
stock value is not valid:002838,0.00
002799:44.73
002800:63.01
002801:109.50
002802:48.05
stock value is not valid:002838,0.00
002805:44.59
stock value is not valid:002838,0.00
002807:16.23
002808:39.93
002809:65.12
002810:45.85
002811:33.47
stock value is not valid:002838,0.00
stock value is not valid:002838,0.00
002815:41.08
002816:42.31
002817:57.16
002818:50.60
002819:38.83
002820:47.04
002821:119.30
002822:25.40
002823:46.75
002824:55.39
002825:57.42
002826:26.37
002827:30.07
002828:42.59
002829:74.38
002830:58.10
002831:64.33
002832:54.52
002833:48.70
002835:39.96
002836:50.29
002837:56.80
002838:51.30
CollectStockData...
002839:16.20
002840:29.10
002841:71.70
002842:57.90
002843:33.28
002845:65.71
002846:23.39
002847:23.32
002848:12.10
600000:16.78
600004:14.48
600005:3.71
600006:7.02
600007:18.41
600008:4.31
600009:27.74
600010:3.14
600011:7.65
600012:14.28
600015:11.72
600016:9.12
600017:4.18
600018:6.24
600019:6.8
600020:4.83
600021:13.48
600022:2.84
600023:5.9
600026:7.34
600027:5.25
600028:5.81
600029:7.57
600030:16.72
600031:7.3
600033:3.67
600035:6.03
600036:19.14
600037:15.35
600038:53.69
600039:5.17
600048:9.45
600050:6.73
600051:12.71
600052:6.5
600053:42.91
600054:15.81
600055:16.42
CollectStockData...
600056:20.88
600057:11.2
600058:15.51
600059:11
600060:18.02
600061:15.79
600062:22.75
600063:5.13
600064:17.36
600066:19.58
600067:7.16
600068:11.32
600069:11.21
600070:13.65
600071:22.6
600072:20.89
600073:11.52
600074:13.32
600075:13.05
600076:9.16
600077:5.28
600078:7.4
600079:18.85
600080:11.77
600081:15.22
600082:8
600083:23.07
600084:10.68
600085:30.39
600086:10.05
600088:20.16
600089:10.19
600090:11.64
600091:8.77
600093:13.31
600094:8.29
600095:12.45
600096:9.5
600097:22.42
600098:11.29
600099:18.41
600100:13.7
600101:11.69
600103:5.56
600104:24.7
600105:9.44
600106:8.34
600107:17.25
CollectStockData...
600108:5.69
600109:13.53
600110:11.09
600111:12.98
600112:10.28
600113:21.85
600114:17.26
600115:7.06
600116:9.27
600117:6.08
600118:33.13
600119:21.19
600120:28.14
600121:5.47
600122:12.39
600123:8.12
600125:10.19
600126:8.68
600127:7.48
600128:15.15
600129:17.59
600130:8.77
600131:10
600132:20.01
600133:8.19
600135:14.23
600136:16.79
600137:45.85
600138:21.08
600139:11.26
600141:13.79
600143:7.74
600145:1.87
600146:35.73
600148:37.86
600149:23.17
600150:29.41
600151:10.97
600152:12.5
600153:10.9
600155:14.23
600156:11.02
600157:4.19
600158:20.82
600159:5.53
600160:11.36
600161:39.4
600162:3.9
600163:5.84
600165:15.39
CollectStockData...
600166:3.5
600167:19.01
600168:10.62
600169:4.6
600170:5.15
600171:14.58
600172:17.35
600173:11.48
600175:5.07
600176:10.72
600177:14.2
600178:13.6
600179:15.34
600180:13.5
600182:28.27
600183:12.48
600184:23.36
600185:5.81
600186:5.06
600187:5.26
600188:11.25
600189:11.63
600190:4.4
600191:11.74
600192:10.26
600193:9.98
600195:20.74
600196:25.01
600197:17.02
600198:15.92
600199:9.81
600200:17.38
600201:31.51
600202:13.12
600203:11.72
600206:10.14
600207:10.16
600208:4.42
600209:12.3
600210:5.59
600211:50.68
600212:9.96
600213:15.21
600215:11.75
600216:12.07
600217:8.66
600218:10.74
600219:3.51
600220:4.32
600221:3.42
CollectStockData...
600222:8.2
600223:5.59
600225:6.64
600226:9.21
600227:7.05
600228:16.68
600229:11.17
600230:25.92
600231:3.69
600232:12.39
600233:25.45
600234:19.37
600235:10.66
600236:6.52
600237:7.78
600238:11.87
600239:6.55
600240:10.81
600241:16.25
600242:16.97
600243:11.74
600246:5.89
600247:12.58
600248:7.73
600249:12.05
600250:15.34
600251:9.03
600252:4.81
600255:4.64
600256:4.79
600257:10.17
600258:23.85
600259:48.84
600260:17.18
600261:7.46
600262:37.6
600265:37.29
600266:13.5
600267:13.59
600268:8.86
600269:5.34
600270:17.7
600271:20.74
600272:19.35
600273:9.48
600275:14.85
600276:49.41
600277:7.3
CollectStockData...
600278:16.86
600279:8.18
600280:8.09
600281:9.66
600282:3.99
600283:12.88
600284:13.15
600285:11.9
600287:10.1
600288:13.87
600289:12.66
600290:11.31
600291:16.39
600292:12.13
600293:18
600295:10.58
600297:9.21
600298:18.9
600299:14.87
600300:7.21
600301:12.14
600302:10.46
600303:10.24
600305:11.67
600306:15.18
600307:3.45
600308:6.17
600309:26.31
600310:9.55
600311:7.12
600312:16.7
600313:6.24
600315:28.39
600316:21.63
600317:3.61
600318:28.8
600319:10.6
600320:5.33
600321:6.09
600322:6.86
600323:14.89
600325:13.25
600326:10.6
600327:9.89
600328:12.26
600329:19.04
600330:10.99
600331:6.99
600332:24.86
600333:9.39
CollectStockData...
600335:12.63
600336:7.67
600337:13.5
600338:31.95
600339:7.6
600340:25.75
600343:22.53
600345:22.23
600346:8.33
600348:7.31
600350:6.77
600351:9.26
600352:9.87
600353:10.52
600354:9.09
600355:9.4
600356:12.52
600358:10.53
600359:9.78
600360:9.09
600361:7.52
600362:20.29
600363:16.48
600365:11.13
600366:19.77
600367:12.78
600368:6.23
600369:6.99
600370:6.43
600371:16.35
600372:19.74
600373:20.61
600375:7.55
600376:11.82
600377:8.88
600378:14.44
600379:23.06
600380:9.57
600381:18.88
600382:17.04
600383:12.2
600385:21.04
600386:14.01
600387:17.94
600388:12.96
600389:19.16
600390:13.77
600391:37.35
600392:12.85
CollectStockData...
600393:15.16
600395:8.51
600396:5.13
600397:5.82
600398:10.66
600399:7.51
600400:8.56
600401:2.35
600403:5.52
600405:11.09
600406:16.63
600408:5.07
600409:10.84
600410:10.36
600415:8.07
600416:17.31
600418:12.14
600419:54.19
600420:31.48
600421:20.34
600422:12.95
600423:8.15
600425:6.67
600426:13.85
600428:6.97
600429:8.23
600432:6.06
600433:7.84
600435:15.52
600436:45.33
600438:6.13
600439:8.35
600444:21.4
600446:23.28
600448:7.71
600449:13.55
600452:43.27
600455:50.1
600456:20
600458:14.2
600459:23.36
600460:6.18
600461:7.68
600462:8.34
600463:15.14
600466:9.17
600467:4.45
600468:12.59
600469:11.94
600470:8.21
CollectStockData...
600475:19.03
600476:31.33
600477:10.1
600478:9.92
600479:16.15
600480:17.28
600481:8.13
600482:31.87
600483:12.09
600485:14.6
600486:36.13
600487:20.4
600488:6.44
600489:12.52
600490:7.93
600491:12.14
600493:15.57
600495:8.21
600496:4.61
600497:8.21
600498:25.59
600499:7.97
600500:11.52
600501:20.09
600502:10.43
600503:8.17
600505:10.5
600506:24.71
600507:8.08
600508:11.91
600509:8.4
600510:9.16
600511:33.05
600512:5.47
600513:16.17
600515:11.84
600516:9.11
600517:9.86
600518:17.54
600519:348.09
600520:22.05
600521:20.45
600522:11.09
600523:24.29
600525:14.2
600526:12.86
600527:6.59
600528:15.31
600529:19.6
600530:7.34
CollectStockData...
600531:8.75
600532:15.62
600533:5.61
600535:37.66
600536:24.42
600537:7.59
600538:14.06
600539:17.56
600540:8.7
600543:13.86
600545:12.43
600546:4.51
600547:37.22
600548:8.83
600549:23.29
600550:7.2
600551:20.32
600552:16.43
600555:6.05
600556:11.93
600557:17.13
600558:6.26
600559:22.69
600560:15.94
600561:13.03
600562:32.62
600563:35.23
600565:7.02
600566:30.27
600567:3.63
600568:19.27
600569:3.67
600570:44.85
600571:19.08
600572:7.04
600573:15.7
600575:5.57
600576:18.42
600577:4.18
600578:4.4
600579:14.22
600580:8.6
600581:6.69
600582:5.36
600583:7.95
600584:17.3
600585:20.55
600586:4.89
600587:24.54
CollectStockData...
600588:19.08
600589:8.43
600590:15.72
600592:15.39
600593:34.82
600594:16.4
600595:6.21
600596:9.55
600597:13.12
600598:12.4
600599:29.25
600600:32.74
600601:4.62
600602:9.39
600603:14.92
600604:19.74
600605:22.72
600606:8.82
600608:16.32
600609:7.51
600610:11.51
600611:6.54
600612:40.22
600613:13.78
600614:12.18
600615:19.86
600616:13.18
600617:11.23
600618:13.91
600619:13.5
600620:14.53
600621:14.91
600622:16.14
600623:13.24
600624:8.69
600626:12.53
600628:14.23
600629:21.13
600630:16.97
600633:17.44
600634:18.1
600635:6.5
600636:13.86
600637:23.48
600638:19.2
600639:19.05
CollectStockData...
600640:18.67
600641:12.37
600642:6.29
600643:13.47
600644:9.25
600645:26.8
600647:30.96
600648:21.25
600649:20.34
600650:25.05
600651:10.19
600652:12.78
600653:3.97
600654:17.43
600655:11.42
600656:4.49
600657:5.94
600658:13.44
600660:18.94
600661:27.31
600662:11.2
600663:23.74
600664:8.62
600665:5.51
600666:28.3
600667:7.58
600668:17.26
600671:29.37
600673:7.29
600674:8.99
600675:7.9
600676:9.12
600677:18.42
600678:16.7
600679:38.14
600680:32.6
600681:16.37
600682:36.49
600683:8.9
600684:8.33
600685:32.3
600686:14.92
600687:14.95
600688:6.72
600689:18.28
600690:10.13
600691:4.05
600692:19.5
600693:11.9
600694:41.57
CollectStockData...
